2016-06-11 12:37:08,212 INFO  [org.jboss.modules] (main) JBoss Modules version 1.5.1.Final
2016-06-11 12:37:08,958 INFO  [org.jboss.msc] (main) JBoss MSC version 1.2.6.Final
2016-06-11 12:37:09,064 INFO  [org.jboss.as] (MSC service thread 1-6) WFLYSRV0049: WildFly Full 10.0.0.Final (WildFly Core 2.0.10.Final) starting
2016-06-11 12:37:09,066 DEBUG [org.jboss.as.config] (MSC service thread 1-6) Configured system properties:
	awt.toolkit = sun.awt.windows.WToolkit
	file.encoding = Cp1252
	file.encoding.pkg = sun.io
	file.separator = \
	java.awt.graphicsenv = sun.awt.Win32GraphicsEnvironment
	java.awt.headless = true
	java.awt.printerjob = sun.awt.windows.WPrinterJob
	java.class.path = C:\opt\wildfly-10.0.0.Final\jboss-modules.jar
	java.class.version = 52.0
	java.endorsed.dirs = C:\Program Files\Java\jre1.8.0_51\lib\endorsed
	java.ext.dirs = C:\Program Files\Java\jre1.8.0_51\lib\ext;C:\WINDOWS\Sun\Java\lib\ext
	java.home = C:\Program Files\Java\jre1.8.0_51
	java.io.tmpdir = C:\Users\Patrick\AppData\Local\Temp\
	java.library.path = C:\Program Files\Java\jre1.8.0_51\bin;C:\WINDOWS\Sun\Java\bin;C:\WINDOWS\system32;C:\WINDOWS;native;C:/Program Files/Java/jre1.8.0_51/bin/server;C:/Program Files/Java/jre1.8.0_51/bin;C:/Program Files/Java/jre1.8.0_51/lib/amd64;C:\ProgramData\Oracle\Java\javapath;C:\Program Files (x86)\Intel\iCLS Client\;C:\Program Files\Intel\iCLS Client\;C:\WINDOWS\system32;C:\WINDOWS;C:\WINDOWS\System32\Wbem;C:\WINDOWS\System32\WindowsPowerShell\v1.0\;C:\Program Files\Intel\WiFi\bin\;C:\Program Files\Common Files\Intel\WirelessCommon\;C:\Program Files\Intel\Intel(R) Management Engine Components\DAL;C:\Program Files (x86)\Intel\Intel(R) Management Engine Components\DAL;C:\Program Files\Intel\Intel(R) Management Engine Components\IPT;C:\Program Files (x86)\Intel\Intel(R) Management Engine Components\IPT;C:\Program Files (x86)\Brackets\command;C:\Program Files (x86)\Windows Kits\10\Windows Performance Toolkit\;C:\Users\Patrick\.dnx\bin;C:\Program Files\Microsoft DNX\Dnvm\;C:\Program Files (x86)\Microsoft Emulator Manager\1.0\;C:\Program Files (x86)\MiKTeX 2.9\miktex\bin\;C:\Program Files (x86)\nodejs\;C:\Program Files\TortoiseSVN\bin;C:\WINDOWS\system32;C:\WINDOWS;C:\WINDOWS\System32\Wbem;C:\WINDOWS\System32\WindowsPowerShell\v1.0\;C:\Program Files (x86)\Skype\Phone\;C:\Program Files (x86)\Windows Live\Shared;C:\Users\Patrick\AppData\Local\Programs\Python\Python35\Scripts\;C:\Users\Patrick\AppData\Local\Programs\Python\Python35\;C:\Program Files (x86)\Microsoft VS Code\bin;C:\Users\Patrick\AppData\Roaming\npm;C:\Users\Patrick\node_modues;C:\Users\Patrick\Desktop\DATA\apps\emacs\bin;C:\Program Files (x86)\sqlite-tools\;C:\Program Files (x86)\Git\bin;C:\Users\Patrick\AppData\Local\Microsoft\WindowsApps;C:\Users\Patrick\AppData\Local\atom\bin;C:\Program Files\eclipse;;.
	java.net.preferIPv4Stack = true
	java.runtime.name = Java(TM) SE Runtime Environment
	java.runtime.version = 1.8.0_51-b16
	java.specification.name = Java Platform API Specification
	java.specification.vendor = Oracle Corporation
	java.specification.version = 1.8
	java.util.logging.manager = org.jboss.logmanager.LogManager
	java.vendor = Oracle Corporation
	java.vendor.url = http://java.oracle.com/
	java.vendor.url.bug = http://bugreport.sun.com/bugreport/
	java.version = 1.8.0_51
	java.vm.info = mixed mode
	java.vm.name = Java HotSpot(TM) 64-Bit Server VM
	java.vm.specification.name = Java Virtual Machine Specification
	java.vm.specification.vendor = Oracle Corporation
	java.vm.specification.version = 1.8
	java.vm.vendor = Oracle Corporation
	java.vm.version = 25.51-b03
	javax.management.builder.initial = org.jboss.as.jmx.PluggableMBeanServerBuilder
	javax.xml.datatype.DatatypeFactory = __redirected.__DatatypeFactory
	javax.xml.parsers.DocumentBuilderFactory = __redirected.__DocumentBuilderFactory
	javax.xml.parsers.SAXParserFactory = __redirected.__SAXParserFactory
	javax.xml.stream.XMLEventFactory = __redirected.__XMLEventFactory
	javax.xml.stream.XMLInputFactory = __redirected.__XMLInputFactory
	javax.xml.stream.XMLOutputFactory = __redirected.__XMLOutputFactory
	javax.xml.transform.TransformerFactory = __redirected.__TransformerFactory
	javax.xml.validation.SchemaFactory:http://www.w3.org/2001/XMLSchema = __redirected.__SchemaFactory
	javax.xml.xpath.XPathFactory:http://java.sun.com/jaxp/xpath/dom = __redirected.__XPathFactory
	jboss.bind.address = localhost
	jboss.bind.address.management = localhost
	jboss.home.dir = C:\opt\wildfly-10.0.0.Final
	jboss.host.name = patrick-hp
	jboss.modules.dir = C:\opt\wildfly-10.0.0.Final\modules
	jboss.modules.system.pkgs = org.jboss.byteman
	jboss.node.name = patrick-hp
	jboss.qualified.host.name = patrick-hp
	jboss.server.base.dir = C:\opt\wildfly-10.0.0.Final\standalone
	jboss.server.config.dir = C:\opt\wildfly-10.0.0.Final\standalone\configuration
	jboss.server.data.dir = C:\opt\wildfly-10.0.0.Final\standalone\data
	jboss.server.deploy.dir = C:\opt\wildfly-10.0.0.Final\standalone\data\content
	jboss.server.log.dir = C:\opt\wildfly-10.0.0.Final\standalone\log
	jboss.server.name = patrick-hp
	jboss.server.persist.config = true
	jboss.server.temp.dir = C:\opt\wildfly-10.0.0.Final\standalone\tmp
	line.separator = 

	logging.configuration = file:/C:/opt/wildfly-10.0.0.Final/standalone/configuration/logging.properties
	module.path = C:/opt/wildfly-10.0.0.Final/modules
	org.jboss.boot.log.file = C:/opt/wildfly-10.0.0.Final/standalone/log/boot.log
	org.jboss.logmanager.nocolor = true
	org.jboss.resolver.warning = true
	org.xml.sax.driver = __redirected.__XMLReaderFactory
	os.arch = amd64
	os.name = Windows 8.1
	os.version = 6.3
	path.separator = ;
	program.name = JBossTools: WildFly 10.0
	sun.arch.data.model = 64
	sun.boot.class.path = C:\Program Files\Java\jre1.8.0_51\lib\resources.jar;C:\Program Files\Java\jre1.8.0_51\lib\rt.jar;C:\Program Files\Java\jre1.8.0_51\lib\sunrsasign.jar;C:\Program Files\Java\jre1.8.0_51\lib\jsse.jar;C:\Program Files\Java\jre1.8.0_51\lib\jce.jar;C:\Program Files\Java\jre1.8.0_51\lib\charsets.jar;C:\Program Files\Java\jre1.8.0_51\lib\jfr.jar;C:\Program Files\Java\jre1.8.0_51\classes
	sun.boot.library.path = C:\Program Files\Java\jre1.8.0_51\bin
	sun.cpu.endian = little
	sun.cpu.isalist = amd64
	sun.desktop = windows
	sun.io.unicode.encoding = UnicodeLittle
	sun.java.command = org.jboss.modules.Main -mp C:/opt/wildfly-10.0.0.Final/modules org.jboss.as.standalone -b localhost --server-config=standalone.xml -Djboss.server.base.dir=C:\opt\wildfly-10.0.0.Final\standalone
	sun.java.launcher = SUN_STANDARD
	sun.jnu.encoding = Cp1252
	sun.management.compiler = HotSpot 64-Bit Tiered Compilers
	sun.os.patch.level = 
	sun.rmi.dgc.client.gcInterval = 3600000
	sun.rmi.dgc.server.gcInterval = 3600000
	user.country = US
	user.country.format = CH
	user.dir = C:\opt\wildfly-10.0.0.Final\bin
	user.home = C:\Users\Patrick
	user.language = en
	user.language.format = de
	user.name = Patrick
	user.script = 
	user.timezone = Europe/Berlin
	user.variant = 
2016-06-11 12:37:09,067 DEBUG [org.jboss.as.config] (MSC service thread 1-6) VM Arguments: -Dprogram.name=JBossTools: WildFly 10.0 -Xms64m -Xmx512m -Dorg.jboss.resolver.warning=true -Djava.net.preferIPv4Stack=true -Dsun.rmi.dgc.client.gcInterval=3600000 -Dsun.rmi.dgc.server.gcInterval=3600000 -Djboss.modules.system.pkgs=org.jboss.byteman -Djava.awt.headless=true -Dorg.jboss.boot.log.file=C:/opt/wildfly-10.0.0.Final/standalone/log/boot.log -Dlogging.configuration=file:/C:/opt/wildfly-10.0.0.Final/standalone/configuration/logging.properties -Djboss.home.dir=C:/opt/wildfly-10.0.0.Final -Dorg.jboss.logmanager.nocolor=true -Djboss.bind.address.management=localhost -Dfile.encoding=Cp1252 -Xmx2G 
2016-06-11 12:37:11,656 INFO  [org.jboss.as.server.deployment.scanner] (DeploymentScanner-threads - 1) WFLYDS0004: Found BackendApplication.war in deployment directory. To trigger deployment create a file called BackendApplication.war.dodeploy
2016-06-11 12:37:11,716 INFO  [org.jboss.as.server] (Controller Boot Thread) WFLYSRV0039: Creating http management service using socket-binding (management-http)
2016-06-11 12:37:11,748 INFO  [org.xnio] (MSC service thread 1-8) XNIO version 3.3.4.Final
2016-06-11 12:37:11,765 INFO  [org.xnio.nio] (MSC service thread 1-8) XNIO NIO Implementation Version 3.3.4.Final
